<?xml version="1.0" encoding="UTF-8"?>
<testsuite xmlns:xsi="http://www.w3.org/2001/XMLSchema-instance" xsi:noNamespaceSchemaLocation="https://maven.apache.org/surefire/maven-surefire-plugin/xsd/surefire-test-report.xsd" name="TestSuite" time="0.241" tests="6" errors="0" skipped="0" failures="0">
  <properties>
    <property name="java.specification.version" value="21"/>
    <property name="sun.jnu.encoding" value="UTF-8"/>
    <property name="java.class.path" value="/Users/rossaafresiasiagian/apiautomation/target/test-classes:/Users/rossaafresiasiagian/apiautomation/target/classes:/Users/rossaafresiasiagian/.m2/repository/org/testng/testng/7.11.0/testng-7.11.0.jar:/Users/rossaafresiasiagian/.m2/repository/org/slf4j/slf4j-api/2.0.16/slf4j-api-2.0.16.jar:/Users/rossaafresiasiagian/.m2/repository/org/jcommander/jcommander/1.83/jcommander-1.83.jar:/Users/rossaafresiasiagian/.m2/repository/org/webjars/jquery/3.7.1/jquery-3.7.1.jar:/Users/rossaafresiasiagian/.m2/repository/io/rest-assured/rest-assured/5.5.0/rest-assured-5.5.0.jar:/Users/rossaafresiasiagian/.m2/repository/org/apache/groovy/groovy/4.0.22/groovy-4.0.22.jar:/Users/rossaafresiasiagian/.m2/repository/org/apache/groovy/groovy-xml/4.0.22/groovy-xml-4.0.22.jar:/Users/rossaafresiasiagian/.m2/repository/org/apache/httpcomponents/httpclient/4.5.13/httpclient-4.5.13.jar:/Users/rossaafresiasiagian/.m2/repository/org/apache/httpcomponents/httpcore/4.4.13/httpcore-4.4.13.jar:/Users/rossaafresiasiagian/.m2/repository/commons-logging/commons-logging/1.2/commons-logging-1.2.jar:/Users/rossaafresiasiagian/.m2/repository/commons-codec/commons-codec/1.11/commons-codec-1.11.jar:/Users/rossaafresiasiagian/.m2/repository/org/apache/httpcomponents/httpmime/4.5.13/httpmime-4.5.13.jar:/Users/rossaafresiasiagian/.m2/repository/org/hamcrest/hamcrest/2.2/hamcrest-2.2.jar:/Users/rossaafresiasiagian/.m2/repository/org/ccil/cowan/tagsoup/tagsoup/1.2.1/tagsoup-1.2.1.jar:/Users/rossaafresiasiagian/.m2/repository/io/rest-assured/json-path/5.5.0/json-path-5.5.0.jar:/Users/rossaafresiasiagian/.m2/repository/org/apache/groovy/groovy-json/4.0.22/groovy-json-4.0.22.jar:/Users/rossaafresiasiagian/.m2/repository/io/rest-assured/rest-assured-common/5.5.0/rest-assured-common-5.5.0.jar:/Users/rossaafresiasiagian/.m2/repository/io/rest-assured/xml-path/5.5.0/xml-path-5.5.0.jar:/Users/rossaafresiasiagian/.m2/repository/org/apache/commons/commons-lang3/3.11/commons-lang3-3.11.jar:/Users/rossaafresiasiagian/.m2/repository/com/fasterxml/jackson/core/jackson-databind/2.15.0/jackson-databind-2.15.0.jar:/Users/rossaafresiasiagian/.m2/repository/com/fasterxml/jackson/core/jackson-annotations/2.15.0/jackson-annotations-2.15.0.jar:/Users/rossaafresiasiagian/.m2/repository/com/fasterxml/jackson/core/jackson-core/2.15.0/jackson-core-2.15.0.jar:"/>
    <property name="java.vm.vendor" value="Oracle Corporation"/>
    <property name="sun.arch.data.model" value="64"/>
    <property name="java.vendor.url" value="https://java.oracle.com/"/>
    <property name="suiteXmlFile" value="testng.xml"/>
    <property name="os.name" value="Mac OS X"/>
    <property name="java.vm.specification.version" value="21"/>
    <property name="sun.java.launcher" value="SUN_STANDARD"/>
    <property name="user.country" value="ID"/>
    <property name="sun.boot.library.path" value="/Library/Java/JavaVirtualMachines/jdk-21.jdk/Contents/Home/lib"/>
    <property name="sun.java.command" value="/Users/rossaafresiasiagian/apiautomation/target/surefire/surefirebooter18157910421932549120.jar /Users/rossaafresiasiagian/apiautomation/target/surefire 2025-02-24T05-03-09_917-jvmRun1 surefire16988999133759976547tmp surefire_09559541098137672565tmp"/>
    <property name="http.nonProxyHosts" value="local|*.local|169.254/16|*.169.254/16"/>
    <property name="jdk.debug" value="release"/>
    <property name="surefire.test.class.path" value="/Users/rossaafresiasiagian/apiautomation/target/test-classes:/Users/rossaafresiasiagian/apiautomation/target/classes:/Users/rossaafresiasiagian/.m2/repository/org/testng/testng/7.11.0/testng-7.11.0.jar:/Users/rossaafresiasiagian/.m2/repository/org/slf4j/slf4j-api/2.0.16/slf4j-api-2.0.16.jar:/Users/rossaafresiasiagian/.m2/repository/org/jcommander/jcommander/1.83/jcommander-1.83.jar:/Users/rossaafresiasiagian/.m2/repository/org/webjars/jquery/3.7.1/jquery-3.7.1.jar:/Users/rossaafresiasiagian/.m2/repository/io/rest-assured/rest-assured/5.5.0/rest-assured-5.5.0.jar:/Users/rossaafresiasiagian/.m2/repository/org/apache/groovy/groovy/4.0.22/groovy-4.0.22.jar:/Users/rossaafresiasiagian/.m2/repository/org/apache/groovy/groovy-xml/4.0.22/groovy-xml-4.0.22.jar:/Users/rossaafresiasiagian/.m2/repository/org/apache/httpcomponents/httpclient/4.5.13/httpclient-4.5.13.jar:/Users/rossaafresiasiagian/.m2/repository/org/apache/httpcomponents/httpcore/4.4.13/httpcore-4.4.13.jar:/Users/rossaafresiasiagian/.m2/repository/commons-logging/commons-logging/1.2/commons-logging-1.2.jar:/Users/rossaafresiasiagian/.m2/repository/commons-codec/commons-codec/1.11/commons-codec-1.11.jar:/Users/rossaafresiasiagian/.m2/repository/org/apache/httpcomponents/httpmime/4.5.13/httpmime-4.5.13.jar:/Users/rossaafresiasiagian/.m2/repository/org/hamcrest/hamcrest/2.2/hamcrest-2.2.jar:/Users/rossaafresiasiagian/.m2/repository/org/ccil/cowan/tagsoup/tagsoup/1.2.1/tagsoup-1.2.1.jar:/Users/rossaafresiasiagian/.m2/repository/io/rest-assured/json-path/5.5.0/json-path-5.5.0.jar:/Users/rossaafresiasiagian/.m2/repository/org/apache/groovy/groovy-json/4.0.22/groovy-json-4.0.22.jar:/Users/rossaafresiasiagian/.m2/repository/io/rest-assured/rest-assured-common/5.5.0/rest-assured-common-5.5.0.jar:/Users/rossaafresiasiagian/.m2/repository/io/rest-assured/xml-path/5.5.0/xml-path-5.5.0.jar:/Users/rossaafresiasiagian/.m2/repository/org/apache/commons/commons-lang3/3.11/commons-lang3-3.11.jar:/Users/rossaafresiasiagian/.m2/repository/com/fasterxml/jackson/core/jackson-databind/2.15.0/jackson-databind-2.15.0.jar:/Users/rossaafresiasiagian/.m2/repository/com/fasterxml/jackson/core/jackson-annotations/2.15.0/jackson-annotations-2.15.0.jar:/Users/rossaafresiasiagian/.m2/repository/com/fasterxml/jackson/core/jackson-core/2.15.0/jackson-core-2.15.0.jar:"/>
    <property name="sun.cpu.endian" value="little"/>
    <property name="user.home" value="/Users/rossaafresiasiagian"/>
    <property name="user.language" value="en"/>
    <property name="java.specification.vendor" value="Oracle Corporation"/>
    <property name="java.version.date" value="2023-10-17"/>
    <property name="java.home" value="/Library/Java/JavaVirtualMachines/jdk-21.jdk/Contents/Home"/>
    <property name="file.separator" value="/"/>
    <property name="basedir" value="/Users/rossaafresiasiagian/apiautomation"/>
    <property name="java.vm.compressedOopsMode" value="Zero based"/>
    <property name="line.separator" value="&#10;"/>
    <property name="java.vm.specification.vendor" value="Oracle Corporation"/>
    <property name="java.specification.name" value="Java Platform API Specification"/>
    <property name="apple.awt.application.name" value="ForkedBooter"/>
    <property name="surefire.real.class.path" value="/Users/rossaafresiasiagian/apiautomation/target/surefire/surefirebooter18157910421932549120.jar"/>
    <property name="sun.management.compiler" value="HotSpot 64-Bit Tiered Compilers"/>
    <property name="ftp.nonProxyHosts" value="local|*.local|169.254/16|*.169.254/16"/>
    <property name="java.runtime.version" value="21.0.1+12-LTS-29"/>
    <property name="user.name" value="rossaafresiasiagian"/>
    <property name="stdout.encoding" value="UTF-8"/>
    <property name="path.separator" value=":"/>
    <property name="os.version" value="15.3.1"/>
    <property name="java.runtime.name" value="Java(TM) SE Runtime Environment"/>
    <property name="file.encoding" value="UTF-8"/>
    <property name="java.vm.name" value="Java HotSpot(TM) 64-Bit Server VM"/>
    <property name="localRepository" value="/Users/rossaafresiasiagian/.m2/repository"/>
    <property name="java.vendor.url.bug" value="https://bugreport.java.com/bugreport/"/>
    <property name="java.io.tmpdir" value="/var/folders/71/6lqxzqtn0z3bpqvll4bbr5n80000gn/T/"/>
    <property name="java.version" value="21.0.1"/>
    <property name="user.dir" value="/Users/rossaafresiasiagian/apiautomation"/>
    <property name="os.arch" value="aarch64"/>
    <property name="java.vm.specification.name" value="Java Virtual Machine Specification"/>
    <property name="native.encoding" value="UTF-8"/>
    <property name="java.library.path" value="/Users/rossaafresiasiagian/Library/Java/Extensions:/Library/Java/Extensions:/Network/Library/Java/Extensions:/System/Library/Java/Extensions:/usr/lib/java:."/>
    <property name="java.vm.info" value="mixed mode, sharing"/>
    <property name="stderr.encoding" value="UTF-8"/>
    <property name="java.vendor" value="Oracle Corporation"/>
    <property name="java.vm.version" value="21.0.1+12-LTS-29"/>
    <property name="sun.io.unicode.encoding" value="UnicodeBig"/>
    <property name="socksNonProxyHosts" value="local|*.local|169.254/16|*.169.254/16"/>
    <property name="java.class.version" value="65.0"/>
  </properties>
  <testcase name="scenarioTest1" classname="ParalelTestNG" time="0.003"/>
  <testcase name="scenarioTest2" classname="ParalelTestNG" time="0.001"/>
  <testcase name="scenarioTest3" classname="ParalelTestNG" time="0"/>
  <testcase name="scenarioTest1" classname="ParalelTestNG2" time="0"/>
  <testcase name="scenarioTest2" classname="ParalelTestNG2" time="0.001"/>
  <testcase name="scenarioTest3" classname="ParalelTestNG2" time="0"/>
</testsuite>