<?xml version="1.0" encoding="UTF-8"?>
<!-- Generated by org.testng.reporters.JUnitReportReporter -->
<testsuite hostname="Rossa-Afresia-Siagian.local" failures="0" tests="1" name="TestNG" time="0.003" errors="0" timestamp="2025-02-23T19:47:57 WIB" skipped="0">
  <testcase classname="TestNG" name="scenarioTest1" time="0.003"/>
</testsuite> <!-- TestNG -->
