<?xml version="1.0" encoding="UTF-8"?>
<!-- Generated by org.testng.reporters.JUnitReportReporter -->
<testsuite hostname="Rossa-Afresia-Siagian.local" failures="0" tests="3" name="ParalelTestNG2" time="0.000" errors="0" timestamp="2025-02-24T05:03:10 WIB" skipped="0">
  <testcase classname="ParalelTestNG2" name="scenarioTest3" time="0.000"/>
  <testcase classname="ParalelTestNG2" name="scenarioTest1" time="0.000"/>
  <testcase classname="ParalelTestNG2" name="scenarioTest2" time="0.000"/>
</testsuite> <!-- ParalelTestNG2 -->
